java.rmi.server.ExportException: Port already in use: 1099; nested exception is: 
	java.net.BindException: 주소가 이미 사용 중입니다 (Bind failed)
	at sun.rmi.transport.tcp.TCPTransport.listen(TCPTransport.java:341)
	at sun.rmi.transport.tcp.TCPTransport.exportObject(TCPTransport.java:249)
	at sun.rmi.transport.tcp.TCPEndpoint.exportObject(TCPEndpoint.java:411)
	at sun.rmi.transport.LiveRef.exportObject(LiveRef.java:147)
	at sun.rmi.server.UnicastServerRef.exportObject(UnicastServerRef.java:212)
	at sun.rmi.registry.RegistryImpl.setup(RegistryImpl.java:152)
	at sun.rmi.registry.RegistryImpl.access$100(RegistryImpl.java:73)
	at sun.rmi.registry.RegistryImpl$2.run(RegistryImpl.java:128)
	at sun.rmi.registry.RegistryImpl$2.run(RegistryImpl.java:125)
	at java.security.AccessController.doPrivileged(Native Method)
	at java.security.AccessController.doPrivileged(AccessController.java:713)
	at sun.rmi.registry.RegistryImpl.<init>(RegistryImpl.java:125)
	at sun.rmi.registry.RegistryImpl$5.run(RegistryImpl.java:383)
	at sun.rmi.registry.RegistryImpl$5.run(RegistryImpl.java:381)
	at java.security.AccessController.doPrivileged(Native Method)
	at sun.rmi.registry.RegistryImpl.main(RegistryImpl.java:380)
Caused by: java.net.BindException: 주소가 이미 사용 중입니다 (Bind failed)
	at java.net.PlainSocketImpl.socketBind(Native Method)
	at java.net.AbstractPlainSocketImpl.bind(AbstractPlainSocketImpl.java:387)
	at java.net.ServerSocket.bind(ServerSocket.java:375)
	at java.net.ServerSocket.<init>(ServerSocket.java:237)
	at java.net.ServerSocket.<init>(ServerSocket.java:128)
	at sun.rmi.transport.proxy.RMIDirectSocketFactory.createServerSocket(RMIDirectSocketFactory.java:45)
	at sun.rmi.transport.proxy.RMIMasterSocketFactory.createServerSocket(RMIMasterSocketFactory.java:345)
	at sun.rmi.transport.tcp.TCPEndpoint.newServerSocket(TCPEndpoint.java:666)
	at sun.rmi.transport.tcp.TCPTransport.listen(TCPTransport.java:330)
	... 15 more
