2019-10-22 12:46:27,046.INFO:Dresult (dblab.core.task.job.DefaultSingleJob:231)
2019-10-22 12:46:27,046.INFO:Dso (dblab.core.task.job.DefaultSingleJob:232)
2019-10-22 12:46:27,046.INFO:Aresult (dblab.core.task.job.DefaultSingleJob:231)
2019-10-22 12:46:27,046.INFO:Aso (dblab.core.task.job.DefaultSingleJob:232)
2019-10-22 12:46:27,046.INFO:Mbj (dblab.core.task.job.DefaultSingleJob:231)
2019-10-22 12:46:27,046.INFO:Mresult (dblab.core.task.job.DefaultSingleJob:232)
2019-10-22 12:46:27,046.INFO:Ragg (dblab.core.task.job.DefaultSingleJob:231)
2019-10-22 12:46:27,047.INFO:Rexp4 (dblab.core.task.job.DefaultSingleJob:232)
2019-10-22 12:46:27,047.INFO:Rexp3 (dblab.core.task.job.DefaultSingleJob:231)
2019-10-22 12:46:27,047.INFO:Rpro2 (dblab.core.task.job.DefaultSingleJob:232)
2019-10-22 12:46:27,047.INFO:Mresult (dblab.core.task.job.DefaultSingleJob:231)
2019-10-22 12:46:27,047.INFO:Mso (dblab.core.task.job.DefaultSingleJob:232)
2019-10-22 12:46:27,047.INFO:Rpro2 (dblab.core.task.job.DefaultSingleJob:231)
2019-10-22 12:46:27,047.INFO:Rso1 (dblab.core.task.job.DefaultSingleJob:232)
2019-10-22 12:46:27,047.INFO:Rexp4 (dblab.core.task.job.DefaultSingleJob:231)
2019-10-22 12:46:27,047.INFO:Rpro (dblab.core.task.job.DefaultSingleJob:232)
2019-10-22 12:46:27,047.INFO:Rpro (dblab.core.task.job.DefaultSingleJob:231)
2019-10-22 12:46:27,048.INFO:Rso2 (dblab.core.task.job.DefaultSingleJob:232)
2019-10-22 12:46:27,048.INFO:[Basestream] initialized (dblab.common.job.basestream.DefaultBasestream:188)
2019-10-22 12:46:27,048.INFO:[Basestream] initialized (dblab.common.job.basestream.DefaultBasestream:188)
2019-10-22 12:46:27,049.INFO:[Basestream] initialized (dblab.common.job.basestream.DefaultBasestream:188)
2019-10-22 12:46:27,064.INFO:[run].[IEDeployer].[0] (dblab.core.server.deployer.IEDeployerImpl:317)
2019-10-22 12:46:31,934.INFO:30028:start ->true (dblab.dsmm.job.socketoutput.SocketOutputHandler$SocketConnection:44)
2019-10-22 12:46:31,935.INFO:30029:start ->true (dblab.dsmm.job.socketoutput.SocketOutputHandler$SocketConnection:44)
2019-10-22 12:46:31,945.INFO:30033:start ->true (dblab.dsmm.job.socketoutput.SocketOutputHandler$SocketConnection:44)
2019-10-22 12:46:31,961.INFO:30031:start ->true (dblab.dsmm.job.socketoutput.SocketOutputHandler$SocketConnection:44)
2019-10-22 12:46:31,975.INFO:30030:start ->true (dblab.dsmm.job.socketoutput.SocketOutputHandler$SocketConnection:44)
2019-10-22 12:46:32,015.INFO:30032:start ->true (dblab.dsmm.job.socketoutput.SocketOutputHandler$SocketConnection:44)
2019-10-22 12:46:36,934.INFO:30028:start ->true (dblab.dsmm.job.socketoutput.SocketOutputHandler$SocketConnection:44)
2019-10-22 12:46:36,935.INFO:30029:start ->true (dblab.dsmm.job.socketoutput.SocketOutputHandler$SocketConnection:44)
2019-10-22 12:46:36,946.INFO:30033:start ->true (dblab.dsmm.job.socketoutput.SocketOutputHandler$SocketConnection:44)
2019-10-22 12:46:36,962.INFO:30031:start ->true (dblab.dsmm.job.socketoutput.SocketOutputHandler$SocketConnection:44)
2019-10-22 12:46:36,975.INFO:30030:start ->true (dblab.dsmm.job.socketoutput.SocketOutputHandler$SocketConnection:44)
2019-10-22 12:46:37,015.INFO:30032:start ->true (dblab.dsmm.job.socketoutput.SocketOutputHandler$SocketConnection:44)
2019-10-22 12:46:41,935.INFO:30028:start ->true (dblab.dsmm.job.socketoutput.SocketOutputHandler$SocketConnection:44)
2019-10-22 12:46:41,936.INFO:30029:start ->true (dblab.dsmm.job.socketoutput.SocketOutputHandler$SocketConnection:44)
2019-10-22 12:46:41,946.INFO:30033:start ->true (dblab.dsmm.job.socketoutput.SocketOutputHandler$SocketConnection:44)
2019-10-22 12:46:41,962.INFO:30031:start ->true (dblab.dsmm.job.socketoutput.SocketOutputHandler$SocketConnection:44)
2019-10-22 12:46:41,975.INFO:30030:start ->true (dblab.dsmm.job.socketoutput.SocketOutputHandler$SocketConnection:44)
2019-10-22 12:46:42,016.INFO:30032:start ->true (dblab.dsmm.job.socketoutput.SocketOutputHandler$SocketConnection:44)
2019-10-22 12:47:12,800.INFO: Create socket on 40010. (dblab.core.server.deployer.FixedPortRMISocketFactory:54)
2019-10-22 12:47:12,838.INFO: Bind deployermonitoring_sieve_user_0. (dblab.core.server.deployer.IEDeployerImpl:109)
2019-10-22 12:47:12,842.ERROR:java.rmi.ConnectException: Connection refused to host: 127.0.0.1; nested exception is: 
	java.net.ConnectException: 연결이 거부됨 (Connection refused) (dblab.core.server.deployer.IEDeployerImpl:163)
